2020-09-01 12:16:13 - Starting C:\Program Files\nodejs\node.exe  --harmony C:\Users\Rupesh\AppData\Roaming\npm\node_modules\node-windows\lib\wrapper.js --file "C:\Users\Rupesh\Desktop\New folder (3)\server" --scriptoptions= --log "Node application as Windows Service wrapper" --grow 0.25 --wait 1 --maxrestarts 3 --abortonerror n --stopparentfirst undefined
2020-09-01 12:16:13 - Started 3380
2020-09-01 12:16:24 - Starting C:\Program Files\nodejs\node.exe  --harmony C:\Users\Rupesh\AppData\Roaming\npm\node_modules\node-windows\lib\wrapper.js --file "C:\Users\Rupesh\Desktop\New folder (3)\server" --scriptoptions= --log "Node application as Windows Service wrapper" --grow 0.25 --wait 1 --maxrestarts 3 --abortonerror n --stopparentfirst undefined
2020-09-01 12:16:24 - Started 11688
2020-09-01 12:16:42 - Starting C:\Program Files\nodejs\node.exe  --harmony C:\Users\Rupesh\AppData\Roaming\npm\node_modules\node-windows\lib\wrapper.js --file "C:\Users\Rupesh\Desktop\New folder (3)\server" --scriptoptions= --log "Node application as Windows Service wrapper" --grow 0.25 --wait 1 --maxrestarts 3 --abortonerror n --stopparentfirst undefined
2020-09-01 12:16:42 - Started 7704
2020-09-01 12:50:51 - Stopping nodeapplicationaswindowsservice.exe
2020-09-01 12:50:51 - ProcessKill 7704
2020-09-01 12:50:51 - Found child process: 2656 Name: conhost.exe
2020-09-01 12:50:51 - Found child process: 4068 Name: node.exe
2020-09-01 12:50:51 - Stopping process 2656
2020-09-01 12:50:51 - Send SIGINT 2656
2020-09-01 12:50:51 - SIGINT to 2656 failed - Killing as fallback
2020-09-01 12:50:51 - Stopping process 4068
2020-09-01 12:50:51 - Send SIGINT 4068
2020-09-01 12:50:51 - SIGINT to 4068 failed - Killing as fallback
2020-09-01 12:50:51 - Stopping process 7704
2020-09-01 12:50:51 - Send SIGINT 7704
2020-09-01 12:50:51 - SIGINT to 7704 failed - Killing as fallback
2020-09-01 12:50:51 - Finished nodeapplicationaswindowsservice.exe
2020-09-01 12:50:52 - Starting C:\Program Files\nodejs\node.exe  --harmony C:\Users\Rupesh\AppData\Roaming\npm\node_modules\node-windows\lib\wrapper.js --file "C:\Users\Rupesh\Desktop\New folder (3)\server" --scriptoptions= --log "Node application as Windows Service wrapper" --grow 0.25 --wait 1 --maxrestarts 3 --abortonerror n --stopparentfirst undefined
2020-09-01 12:50:52 - Started 9772
2020-09-01 19:58:23 - Starting C:\Program Files\nodejs\node.exe  --harmony C:\Users\Rupesh\AppData\Roaming\npm\node_modules\node-windows\lib\wrapper.js --file "C:\Users\Rupesh\Desktop\New folder (3)\server" --scriptoptions= --log "Node application as Windows Service wrapper" --grow 0.25 --wait 1 --maxrestarts 3 --abortonerror n --stopparentfirst undefined
2020-09-01 19:58:23 - Started 6896
2020-09-02 10:03:51 - Starting C:\Program Files\nodejs\node.exe  --harmony C:\Users\Rupesh\AppData\Roaming\npm\node_modules\node-windows\lib\wrapper.js --file "C:\Users\Rupesh\Desktop\New folder (3)\server" --scriptoptions= --log "Node application as Windows Service wrapper" --grow 0.25 --wait 1 --maxrestarts 3 --abortonerror n --stopparentfirst undefined
2020-09-02 10:03:51 - Started 3400
2020-09-02 21:48:15 - Stopping nodeapplicationaswindowsservice.exe
2020-09-02 21:48:15 - ProcessKill 3400
2020-09-02 21:48:17 - Shutdown exception
Message:A system shutdown is in progress.

Stacktrace:   at System.Runtime.InteropServices.Marshal.ThrowExceptionForHRInternal(Int32 errorCode, IntPtr errorInfo)
   at System.Management.ManagementScope.InitializeGuts(Object o)
   at System.Management.ManagementScope.Initialize()
   at System.Management.ManagementObjectSearcher.Initialize()
   at System.Management.ManagementObjectSearcher.Get()
   at winsw.WrapperService.GetChildPids(Int32 pid)
   at winsw.WrapperService.StopProcessAndChildren(Int32 pid)
   at winsw.WrapperService.StopIt()
   at winsw.WrapperService.OnShutdown()
2020-09-03 10:25:18 - Starting C:\Program Files\nodejs\node.exe  --harmony C:\Users\Rupesh\AppData\Roaming\npm\node_modules\node-windows\lib\wrapper.js --file "C:\Users\Rupesh\Desktop\New folder (3)\server" --scriptoptions= --log "Node application as Windows Service wrapper" --grow 0.25 --wait 1 --maxrestarts 3 --abortonerror n --stopparentfirst undefined
2020-09-03 10:25:19 - Started 7460
2020-09-03 16:40:05 - Starting C:\Program Files\nodejs\node.exe  --harmony C:\Users\Rupesh\AppData\Roaming\npm\node_modules\node-windows\lib\wrapper.js --file "C:\Users\Rupesh\Desktop\New folder (3)\server" --scriptoptions= --log "Node application as Windows Service wrapper" --grow 0.25 --wait 1 --maxrestarts 3 --abortonerror n --stopparentfirst undefined
2020-09-03 16:40:06 - Started 3748
2020-09-04 08:08:37 - Starting C:\Program Files\nodejs\node.exe  --harmony C:\Users\Rupesh\AppData\Roaming\npm\node_modules\node-windows\lib\wrapper.js --file "C:\Users\Rupesh\Desktop\New folder (3)\server" --scriptoptions= --log "Node application as Windows Service wrapper" --grow 0.25 --wait 1 --maxrestarts 3 --abortonerror n --stopparentfirst undefined
2020-09-04 08:08:38 - Started 6616
2020-09-04 10:29:47 - Starting C:\Program Files\nodejs\node.exe  --harmony C:\Users\Rupesh\AppData\Roaming\npm\node_modules\node-windows\lib\wrapper.js --file "C:\Users\Rupesh\Desktop\New folder (3)\server" --scriptoptions= --log "Node application as Windows Service wrapper" --grow 0.25 --wait 1 --maxrestarts 3 --abortonerror n --stopparentfirst undefined
2020-09-04 10:29:47 - Started 7400
2020-09-04 10:41:31 - Starting C:\Program Files\nodejs\node.exe  --harmony C:\Users\Rupesh\AppData\Roaming\npm\node_modules\node-windows\lib\wrapper.js --file "C:\Users\Rupesh\Desktop\New folder (3)\server" --scriptoptions= --log "Node application as Windows Service wrapper" --grow 0.25 --wait 1 --maxrestarts 3 --abortonerror n --stopparentfirst undefined
2020-09-04 10:41:32 - Started 3132
2020-09-05 11:14:41 - Starting C:\Program Files\nodejs\node.exe  --harmony C:\Users\Rupesh\AppData\Roaming\npm\node_modules\node-windows\lib\wrapper.js --file "C:\Users\Rupesh\Desktop\New folder (3)\server" --scriptoptions= --log "Node application as Windows Service wrapper" --grow 0.25 --wait 1 --maxrestarts 3 --abortonerror n --stopparentfirst undefined
2020-09-05 11:14:41 - Started 6760
2020-09-05 12:02:31 - Starting C:\Program Files\nodejs\node.exe  --harmony C:\Users\Rupesh\AppData\Roaming\npm\node_modules\node-windows\lib\wrapper.js --file "C:\Users\Rupesh\Desktop\New folder (3)\server" --scriptoptions= --log "Node application as Windows Service wrapper" --grow 0.25 --wait 1 --maxrestarts 3 --abortonerror n --stopparentfirst undefined
2020-09-05 12:02:31 - Started 7440
2020-09-05 19:03:03 - Starting C:\Program Files\nodejs\node.exe  --harmony C:\Users\Rupesh\AppData\Roaming\npm\node_modules\node-windows\lib\wrapper.js --file "C:\Users\Rupesh\Desktop\New folder (3)\server" --scriptoptions= --log "Node application as Windows Service wrapper" --grow 0.25 --wait 1 --maxrestarts 3 --abortonerror n --stopparentfirst undefined
2020-09-05 19:03:03 - Started 7140
2020-09-06 18:19:43 - Starting C:\Program Files\nodejs\node.exe  --harmony C:\Users\Rupesh\AppData\Roaming\npm\node_modules\node-windows\lib\wrapper.js --file "C:\Users\Rupesh\Desktop\New folder (3)\server" --scriptoptions= --log "Node application as Windows Service wrapper" --grow 0.25 --wait 1 --maxrestarts 3 --abortonerror n --stopparentfirst undefined
2020-09-06 18:19:44 - Started 6272
2020-09-07 08:34:27 - Starting C:\Program Files\nodejs\node.exe  --harmony C:\Users\Rupesh\AppData\Roaming\npm\node_modules\node-windows\lib\wrapper.js --file "C:\Users\Rupesh\Desktop\New folder (3)\server" --scriptoptions= --log "Node application as Windows Service wrapper" --grow 0.25 --wait 1 --maxrestarts 3 --abortonerror n --stopparentfirst undefined
2020-09-07 08:34:29 - Started 6976
2020-09-07 10:17:14 - Starting C:\Program Files\nodejs\node.exe  --harmony C:\Users\Rupesh\AppData\Roaming\npm\node_modules\node-windows\lib\wrapper.js --file "C:\Users\Rupesh\Desktop\New folder (3)\server" --scriptoptions= --log "Node application as Windows Service wrapper" --grow 0.25 --wait 1 --maxrestarts 3 --abortonerror n --stopparentfirst undefined
2020-09-07 10:17:14 - Started 2884
2020-09-07 19:46:04 - Starting C:\Program Files\nodejs\node.exe  --harmony C:\Users\Rupesh\AppData\Roaming\npm\node_modules\node-windows\lib\wrapper.js --file "C:\Users\Rupesh\Desktop\New folder (3)\server" --scriptoptions= --log "Node application as Windows Service wrapper" --grow 0.25 --wait 1 --maxrestarts 3 --abortonerror n --stopparentfirst undefined
2020-09-07 19:46:04 - Started 7372
2020-09-08 10:01:00 - Starting C:\Program Files\nodejs\node.exe  --harmony C:\Users\Rupesh\AppData\Roaming\npm\node_modules\node-windows\lib\wrapper.js --file "C:\Users\Rupesh\Desktop\New folder (3)\server" --scriptoptions= --log "Node application as Windows Service wrapper" --grow 0.25 --wait 1 --maxrestarts 3 --abortonerror n --stopparentfirst undefined
2020-09-08 10:01:00 - Started 7092
2020-09-08 14:00:47 - Starting C:\Program Files\nodejs\node.exe  --harmony C:\Users\Rupesh\AppData\Roaming\npm\node_modules\node-windows\lib\wrapper.js --file "C:\Users\Rupesh\Desktop\New folder (3)\server" --scriptoptions= --log "Node application as Windows Service wrapper" --grow 0.25 --wait 1 --maxrestarts 3 --abortonerror n --stopparentfirst undefined
2020-09-08 14:00:47 - Started 6504
2020-09-08 14:48:54 - Starting C:\Program Files\nodejs\node.exe  --harmony C:\Users\Rupesh\AppData\Roaming\npm\node_modules\node-windows\lib\wrapper.js --file "C:\Users\Rupesh\Desktop\New folder (3)\server" --scriptoptions= --log "Node application as Windows Service wrapper" --grow 0.25 --wait 1 --maxrestarts 3 --abortonerror n --stopparentfirst undefined
2020-09-08 14:48:55 - Started 6404
2020-09-08 19:43:22 - Starting C:\Program Files\nodejs\node.exe  --harmony C:\Users\Rupesh\AppData\Roaming\npm\node_modules\node-windows\lib\wrapper.js --file "C:\Users\Rupesh\Desktop\New folder (3)\server" --scriptoptions= --log "Node application as Windows Service wrapper" --grow 0.25 --wait 1 --maxrestarts 3 --abortonerror n --stopparentfirst undefined
2020-09-08 19:43:22 - Started 7020
2020-09-08 21:37:19 - Starting C:\Program Files\nodejs\node.exe  --harmony C:\Users\Rupesh\AppData\Roaming\npm\node_modules\node-windows\lib\wrapper.js --file "C:\Users\Rupesh\Desktop\New folder (3)\server" --scriptoptions= --log "Node application as Windows Service wrapper" --grow 0.25 --wait 1 --maxrestarts 3 --abortonerror n --stopparentfirst undefined
2020-09-08 21:37:20 - Started 5424
2020-09-09 07:19:23 - Starting C:\Program Files\nodejs\node.exe  --harmony C:\Users\Rupesh\AppData\Roaming\npm\node_modules\node-windows\lib\wrapper.js --file "C:\Users\Rupesh\Desktop\New folder (3)\server" --scriptoptions= --log "Node application as Windows Service wrapper" --grow 0.25 --wait 1 --maxrestarts 3 --abortonerror n --stopparentfirst undefined
2020-09-09 07:19:23 - Started 6084
2020-09-09 10:35:48 - Starting C:\Program Files\nodejs\node.exe  --harmony C:\Users\Rupesh\AppData\Roaming\npm\node_modules\node-windows\lib\wrapper.js --file "C:\Users\Rupesh\Desktop\New folder (3)\server" --scriptoptions= --log "Node application as Windows Service wrapper" --grow 0.25 --wait 1 --maxrestarts 3 --abortonerror n --stopparentfirst undefined
2020-09-09 10:35:48 - Started 5844
2020-09-09 17:55:43 - Starting C:\Program Files\nodejs\node.exe  --harmony C:\Users\Rupesh\AppData\Roaming\npm\node_modules\node-windows\lib\wrapper.js --file "C:\Users\Rupesh\Desktop\New folder (3)\server" --scriptoptions= --log "Node application as Windows Service wrapper" --grow 0.25 --wait 1 --maxrestarts 3 --abortonerror n --stopparentfirst undefined
2020-09-09 17:55:43 - Started 6708
2020-09-10 10:39:57 - Starting C:\Program Files\nodejs\node.exe  --harmony C:\Users\Rupesh\AppData\Roaming\npm\node_modules\node-windows\lib\wrapper.js --file "C:\Users\Rupesh\Desktop\New folder (3)\server" --scriptoptions= --log "Node application as Windows Service wrapper" --grow 0.25 --wait 1 --maxrestarts 3 --abortonerror n --stopparentfirst undefined
2020-09-10 10:39:57 - Started 6704
2020-09-10 18:55:24 - Starting C:\Program Files\nodejs\node.exe  --harmony C:\Users\Rupesh\AppData\Roaming\npm\node_modules\node-windows\lib\wrapper.js --file "C:\Users\Rupesh\Desktop\New folder (3)\server" --scriptoptions= --log "Node application as Windows Service wrapper" --grow 0.25 --wait 1 --maxrestarts 3 --abortonerror n --stopparentfirst undefined
2020-09-10 18:55:24 - Started 5996
2020-09-11 08:25:44 - Starting C:\Program Files\nodejs\node.exe  --harmony C:\Users\Rupesh\AppData\Roaming\npm\node_modules\node-windows\lib\wrapper.js --file "C:\Users\Rupesh\Desktop\New folder (3)\server" --scriptoptions= --log "Node application as Windows Service wrapper" --grow 0.25 --wait 1 --maxrestarts 3 --abortonerror n --stopparentfirst undefined
2020-09-11 08:25:44 - Started 5836
2020-09-12 11:59:49 - Starting C:\Program Files\nodejs\node.exe  --harmony C:\Users\Rupesh\AppData\Roaming\npm\node_modules\node-windows\lib\wrapper.js --file "C:\Users\Rupesh\Desktop\New folder (3)\server" --scriptoptions= --log "Node application as Windows Service wrapper" --grow 0.25 --wait 1 --maxrestarts 3 --abortonerror n --stopparentfirst undefined
2020-09-12 11:59:49 - Started 4120
2020-09-12 19:21:09 - Starting C:\Program Files\nodejs\node.exe  --harmony C:\Users\Rupesh\AppData\Roaming\npm\node_modules\node-windows\lib\wrapper.js --file "C:\Users\Rupesh\Desktop\New folder (3)\server" --scriptoptions= --log "Node application as Windows Service wrapper" --grow 0.25 --wait 1 --maxrestarts 3 --abortonerror n --stopparentfirst undefined
2020-09-12 19:21:09 - Started 6732
2020-09-13 12:05:24 - Starting C:\Program Files\nodejs\node.exe  --harmony C:\Users\Rupesh\AppData\Roaming\npm\node_modules\node-windows\lib\wrapper.js --file "C:\Users\Rupesh\Desktop\New folder (3)\server" --scriptoptions= --log "Node application as Windows Service wrapper" --grow 0.25 --wait 1 --maxrestarts 3 --abortonerror n --stopparentfirst undefined
2020-09-13 12:05:24 - Started 7008
2020-09-13 21:47:47 - Starting C:\Program Files\nodejs\node.exe  --harmony C:\Users\Rupesh\AppData\Roaming\npm\node_modules\node-windows\lib\wrapper.js --file "C:\Users\Rupesh\Desktop\New folder (3)\server" --scriptoptions= --log "Node application as Windows Service wrapper" --grow 0.25 --wait 1 --maxrestarts 3 --abortonerror n --stopparentfirst undefined
2020-09-13 21:47:47 - Started 6056
2020-09-14 08:39:42 - Starting C:\Program Files\nodejs\node.exe  --harmony C:\Users\Rupesh\AppData\Roaming\npm\node_modules\node-windows\lib\wrapper.js --file "C:\Users\Rupesh\Desktop\New folder (3)\server" --scriptoptions= --log "Node application as Windows Service wrapper" --grow 0.25 --wait 1 --maxrestarts 3 --abortonerror n --stopparentfirst undefined
2020-09-14 08:39:42 - Started 6004
2020-09-15 09:06:21 - Starting C:\Program Files\nodejs\node.exe  --harmony C:\Users\Rupesh\AppData\Roaming\npm\node_modules\node-windows\lib\wrapper.js --file "C:\Users\Rupesh\Desktop\New folder (3)\server" --scriptoptions= --log "Node application as Windows Service wrapper" --grow 0.25 --wait 1 --maxrestarts 3 --abortonerror n --stopparentfirst undefined
2020-09-15 09:06:21 - Started 5932
2020-09-15 10:57:11 - Starting C:\Program Files\nodejs\node.exe  --harmony C:\Users\Rupesh\AppData\Roaming\npm\node_modules\node-windows\lib\wrapper.js --file "C:\Users\Rupesh\Desktop\New folder (3)\server" --scriptoptions= --log "Node application as Windows Service wrapper" --grow 0.25 --wait 1 --maxrestarts 3 --abortonerror n --stopparentfirst undefined
2020-09-15 10:57:11 - Started 5904
2020-09-15 15:55:04 - Starting C:\Program Files\nodejs\node.exe  --harmony C:\Users\Rupesh\AppData\Roaming\npm\node_modules\node-windows\lib\wrapper.js --file "C:\Users\Rupesh\Desktop\New folder (3)\server" --scriptoptions= --log "Node application as Windows Service wrapper" --grow 0.25 --wait 1 --maxrestarts 3 --abortonerror n --stopparentfirst undefined
2020-09-15 15:55:04 - Started 5876
2020-09-16 09:12:45 - Starting C:\Program Files\nodejs\node.exe  --harmony C:\Users\Rupesh\AppData\Roaming\npm\node_modules\node-windows\lib\wrapper.js --file "C:\Users\Rupesh\Desktop\New folder (3)\server" --scriptoptions= --log "Node application as Windows Service wrapper" --grow 0.25 --wait 1 --maxrestarts 3 --abortonerror n --stopparentfirst undefined
2020-09-16 09:12:45 - Started 6268
2020-09-16 14:57:22 - Starting C:\Program Files\nodejs\node.exe  --harmony C:\Users\Rupesh\AppData\Roaming\npm\node_modules\node-windows\lib\wrapper.js --file "C:\Users\Rupesh\Desktop\New folder (3)\server" --scriptoptions= --log "Node application as Windows Service wrapper" --grow 0.25 --wait 1 --maxrestarts 3 --abortonerror n --stopparentfirst undefined
2020-09-16 14:57:22 - Started 1740
2020-09-16 15:48:35 - Starting C:\Program Files\nodejs\node.exe  --harmony C:\Users\Rupesh\AppData\Roaming\npm\node_modules\node-windows\lib\wrapper.js --file "C:\Users\Rupesh\Desktop\New folder (3)\server" --scriptoptions= --log "Node application as Windows Service wrapper" --grow 0.25 --wait 1 --maxrestarts 3 --abortonerror n --stopparentfirst undefined
2020-09-16 15:48:35 - Started 7428
2020-09-16 16:06:17 - Starting C:\Program Files\nodejs\node.exe  --harmony C:\Users\Rupesh\AppData\Roaming\npm\node_modules\node-windows\lib\wrapper.js --file "C:\Users\Rupesh\Desktop\New folder (3)\server" --scriptoptions= --log "Node application as Windows Service wrapper" --grow 0.25 --wait 1 --maxrestarts 3 --abortonerror n --stopparentfirst undefined
2020-09-16 16:06:18 - Started 6128
2020-09-17 10:10:11 - Starting C:\Program Files\nodejs\node.exe  --harmony C:\Users\Rupesh\AppData\Roaming\npm\node_modules\node-windows\lib\wrapper.js --file "C:\Users\Rupesh\Desktop\New folder (3)\server" --scriptoptions= --log "Node application as Windows Service wrapper" --grow 0.25 --wait 1 --maxrestarts 3 --abortonerror n --stopparentfirst undefined
2020-09-17 10:10:11 - Started 6072
2020-09-17 21:34:36 - Starting C:\Program Files\nodejs\node.exe  --harmony C:\Users\Rupesh\AppData\Roaming\npm\node_modules\node-windows\lib\wrapper.js --file "C:\Users\Rupesh\Desktop\New folder (3)\server" --scriptoptions= --log "Node application as Windows Service wrapper" --grow 0.25 --wait 1 --maxrestarts 3 --abortonerror n --stopparentfirst undefined
2020-09-17 21:34:36 - Started 6292
2020-09-18 10:12:59 - Starting C:\Program Files\nodejs\node.exe  --harmony C:\Users\Rupesh\AppData\Roaming\npm\node_modules\node-windows\lib\wrapper.js --file "C:\Users\Rupesh\Desktop\New folder (3)\server" --scriptoptions= --log "Node application as Windows Service wrapper" --grow 0.25 --wait 1 --maxrestarts 3 --abortonerror n --stopparentfirst undefined
2020-09-18 10:12:59 - Started 5672
2020-09-18 19:22:58 - Starting C:\Program Files\nodejs\node.exe  --harmony C:\Users\Rupesh\AppData\Roaming\npm\node_modules\node-windows\lib\wrapper.js --file "C:\Users\Rupesh\Desktop\New folder (3)\server" --scriptoptions= --log "Node application as Windows Service wrapper" --grow 0.25 --wait 1 --maxrestarts 3 --abortonerror n --stopparentfirst undefined
2020-09-18 19:22:58 - Started 6052
2020-09-19 10:59:16 - Starting C:\Program Files\nodejs\node.exe  --harmony C:\Users\Rupesh\AppData\Roaming\npm\node_modules\node-windows\lib\wrapper.js --file "C:\Users\Rupesh\Desktop\New folder (3)\server" --scriptoptions= --log "Node application as Windows Service wrapper" --grow 0.25 --wait 1 --maxrestarts 3 --abortonerror n --stopparentfirst undefined
2020-09-19 10:59:16 - Started 5716
2020-09-20 13:39:57 - Starting C:\Program Files\nodejs\node.exe  --harmony C:\Users\Rupesh\AppData\Roaming\npm\node_modules\node-windows\lib\wrapper.js --file "C:\Users\Rupesh\Desktop\New folder (3)\server" --scriptoptions= --log "Node application as Windows Service wrapper" --grow 0.25 --wait 1 --maxrestarts 3 --abortonerror n --stopparentfirst undefined
2020-09-20 13:39:57 - Started 6328
2020-09-20 14:24:45 - Starting C:\Program Files\nodejs\node.exe  --harmony C:\Users\Rupesh\AppData\Roaming\npm\node_modules\node-windows\lib\wrapper.js --file "C:\Users\Rupesh\Desktop\New folder (3)\server" --scriptoptions= --log "Node application as Windows Service wrapper" --grow 0.25 --wait 1 --maxrestarts 3 --abortonerror n --stopparentfirst undefined
2020-09-20 14:24:45 - Started 5428
2020-09-20 19:08:57 - Starting C:\Program Files\nodejs\node.exe  --harmony C:\Users\Rupesh\AppData\Roaming\npm\node_modules\node-windows\lib\wrapper.js --file "C:\Users\Rupesh\Desktop\New folder (3)\server" --scriptoptions= --log "Node application as Windows Service wrapper" --grow 0.25 --wait 1 --maxrestarts 3 --abortonerror n --stopparentfirst undefined
2020-09-20 19:08:57 - Started 6440
2020-09-21 10:03:11 - Starting C:\Program Files\nodejs\node.exe  --harmony C:\Users\Rupesh\AppData\Roaming\npm\node_modules\node-windows\lib\wrapper.js --file "C:\Users\Rupesh\Desktop\New folder (3)\server" --scriptoptions= --log "Node application as Windows Service wrapper" --grow 0.25 --wait 1 --maxrestarts 3 --abortonerror n --stopparentfirst undefined
2020-09-21 10:03:11 - Started 5804
2020-09-21 22:55:53 - Starting C:\Program Files\nodejs\node.exe  --harmony C:\Users\Rupesh\AppData\Roaming\npm\node_modules\node-windows\lib\wrapper.js --file "C:\Users\Rupesh\Desktop\New folder (3)\server" --scriptoptions= --log "Node application as Windows Service wrapper" --grow 0.25 --wait 1 --maxrestarts 3 --abortonerror n --stopparentfirst undefined
2020-09-21 22:55:53 - Started 5864
2020-09-22 07:59:13 - Starting C:\Program Files\nodejs\node.exe  --harmony C:\Users\Rupesh\AppData\Roaming\npm\node_modules\node-windows\lib\wrapper.js --file "C:\Users\Rupesh\Desktop\New folder (3)\server" --scriptoptions= --log "Node application as Windows Service wrapper" --grow 0.25 --wait 1 --maxrestarts 3 --abortonerror n --stopparentfirst undefined
2020-09-22 07:59:13 - Started 5872
2020-09-22 10:05:50 - Starting C:\Program Files\nodejs\node.exe  --harmony C:\Users\Rupesh\AppData\Roaming\npm\node_modules\node-windows\lib\wrapper.js --file "C:\Users\Rupesh\Desktop\New folder (3)\server" --scriptoptions= --log "Node application as Windows Service wrapper" --grow 0.25 --wait 1 --maxrestarts 3 --abortonerror n --stopparentfirst undefined
2020-09-22 10:05:50 - Started 5976
2020-09-23 09:00:14 - Starting C:\Program Files\nodejs\node.exe  --harmony C:\Users\Rupesh\AppData\Roaming\npm\node_modules\node-windows\lib\wrapper.js --file "C:\Users\Rupesh\Desktop\New folder (3)\server" --scriptoptions= --log "Node application as Windows Service wrapper" --grow 0.25 --wait 1 --maxrestarts 3 --abortonerror n --stopparentfirst undefined
2020-09-23 09:00:15 - Started 6100
2020-09-23 19:31:30 - Starting C:\Program Files\nodejs\node.exe  --harmony C:\Users\Rupesh\AppData\Roaming\npm\node_modules\node-windows\lib\wrapper.js --file "C:\Users\Rupesh\Desktop\New folder (3)\server" --scriptoptions= --log "Node application as Windows Service wrapper" --grow 0.25 --wait 1 --maxrestarts 3 --abortonerror n --stopparentfirst undefined
2020-09-23 19:31:30 - Started 6028
2020-09-24 07:24:51 - Starting C:\Program Files\nodejs\node.exe  --harmony C:\Users\Rupesh\AppData\Roaming\npm\node_modules\node-windows\lib\wrapper.js --file "C:\Users\Rupesh\Desktop\New folder (3)\server" --scriptoptions= --log "Node application as Windows Service wrapper" --grow 0.25 --wait 1 --maxrestarts 3 --abortonerror n --stopparentfirst undefined
2020-09-24 07:24:51 - Started 6152
2020-09-24 09:41:19 - Starting C:\Program Files\nodejs\node.exe  --harmony C:\Users\Rupesh\AppData\Roaming\npm\node_modules\node-windows\lib\wrapper.js --file "C:\Users\Rupesh\Desktop\New folder (3)\server" --scriptoptions= --log "Node application as Windows Service wrapper" --grow 0.25 --wait 1 --maxrestarts 3 --abortonerror n --stopparentfirst undefined
2020-09-24 09:41:19 - Started 5884
2020-09-24 15:48:57 - Starting C:\Program Files\nodejs\node.exe  --harmony C:\Users\Rupesh\AppData\Roaming\npm\node_modules\node-windows\lib\wrapper.js --file "C:\Users\Rupesh\Desktop\New folder (3)\server" --scriptoptions= --log "Node application as Windows Service wrapper" --grow 0.25 --wait 1 --maxrestarts 3 --abortonerror n --stopparentfirst undefined
2020-09-24 15:48:57 - Started 6596
2020-09-24 18:03:21 - Starting C:\Program Files\nodejs\node.exe  --harmony C:\Users\Rupesh\AppData\Roaming\npm\node_modules\node-windows\lib\wrapper.js --file "C:\Users\Rupesh\Desktop\New folder (3)\server" --scriptoptions= --log "Node application as Windows Service wrapper" --grow 0.25 --wait 1 --maxrestarts 3 --abortonerror n --stopparentfirst undefined
2020-09-24 18:03:21 - Started 6340
2020-09-24 18:57:43 - Starting C:\Program Files\nodejs\node.exe  --harmony C:\Users\Rupesh\AppData\Roaming\npm\node_modules\node-windows\lib\wrapper.js --file "C:\Users\Rupesh\Desktop\New folder (3)\server" --scriptoptions= --log "Node application as Windows Service wrapper" --grow 0.25 --wait 1 --maxrestarts 3 --abortonerror n --stopparentfirst undefined
2020-09-24 18:57:43 - Started 6048
2020-09-25 10:04:24 - Starting C:\Program Files\nodejs\node.exe  --harmony C:\Users\Rupesh\AppData\Roaming\npm\node_modules\node-windows\lib\wrapper.js --file "C:\Users\Rupesh\Desktop\New folder (3)\server" --scriptoptions= --log "Node application as Windows Service wrapper" --grow 0.25 --wait 1 --maxrestarts 3 --abortonerror n --stopparentfirst undefined
2020-09-25 10:04:24 - Started 6364
2020-09-26 11:52:31 - Starting C:\Program Files\nodejs\node.exe  --harmony C:\Users\Rupesh\AppData\Roaming\npm\node_modules\node-windows\lib\wrapper.js --file "C:\Users\Rupesh\Desktop\New folder (3)\server" --scriptoptions= --log "Node application as Windows Service wrapper" --grow 0.25 --wait 1 --maxrestarts 3 --abortonerror n --stopparentfirst undefined
2020-09-26 11:52:31 - Started 6504
